2023-04-07 11:49:13,629 ERROR    root            (gcloud) Command name argument expected.
2023-04-07 11:49:13,630 DEBUG    root            Loaded Command Group: ['gcloud', 'datastore']
2023-04-07 11:49:13,631 DEBUG    root            Loaded Command Group: ['gcloud', 'filestore']
2023-04-07 11:49:13,632 DEBUG    root            Loaded Command Group: ['gcloud', 'transfer']
2023-04-07 11:49:13,665 DEBUG    root            Loaded Command Group: ['gcloud', 'api_gateway']
2023-04-07 11:49:13,748 DEBUG    root            Loaded Command Group: ['gcloud', 'compute']
2023-04-07 11:49:13,751 DEBUG    root            Loaded Command Group: ['gcloud', 'workflows']
2023-04-07 11:49:13,752 DEBUG    root            Loaded Command Group: ['gcloud', 'topic']
2023-04-07 11:49:13,754 DEBUG    root            Loaded Command Group: ['gcloud', 'edge_cache']
2023-04-07 11:49:13,755 DEBUG    root            Loaded Command Group: ['gcloud', 'ml_engine']
2023-04-07 11:49:13,756 DEBUG    root            Loaded Command Group: ['gcloud', 'essential_contacts']
2023-04-07 11:49:13,757 DEBUG    root            Loaded Command Group: ['gcloud', 'tasks']
2023-04-07 11:49:13,759 DEBUG    root            Loaded Command Group: ['gcloud', 'healthcare']
2023-04-07 11:49:13,760 DEBUG    root            Loaded Command Group: ['gcloud', 'apigee']
2023-04-07 11:49:13,761 DEBUG    root            Loaded Command Group: ['gcloud', 'organizations']
2023-04-07 11:49:13,762 DEBUG    root            No implementation for release track [GA] for element: [/Users/quanianitis/Downloads/google-cloud-sdk/lib/surface/blueprints]
2023-04-07 11:49:13,763 DEBUG    root            Loaded Command Group: ['gcloud', 'memcache']
2023-04-07 11:49:13,764 DEBUG    root            No implementation for release track [GA] for element: [/Users/quanianitis/Downloads/google-cloud-sdk/lib/surface/lifesciences]
2023-04-07 11:49:13,764 DEBUG    root            Loaded Command Group: ['gcloud', 'pubsub']
2023-04-07 11:49:13,769 DEBUG    root            No implementation for release track [GA] for element: [/Users/quanianitis/Downloads/google-cloud-sdk/lib/surface/code]
2023-04-07 11:49:13,770 DEBUG    root            Loaded Command Group: ['gcloud', 'version']
2023-04-07 11:49:13,771 DEBUG    root            Loaded Command Group: ['gcloud', 'firebase']
2023-04-07 11:49:13,774 DEBUG    root            Loaded Command Group: ['gcloud', 'docker']
2023-04-07 11:49:13,776 DEBUG    root            No implementation for release track [GA] for element: [/Users/quanianitis/Downloads/google-cloud-sdk/lib/surface/workstations]
2023-04-07 11:49:13,776 DEBUG    root            Loaded Command Group: ['gcloud', 'metastore']
2023-04-07 11:49:13,777 DEBUG    root            No implementation for release track [GA] for element: [/Users/quanianitis/Downloads/google-cloud-sdk/lib/surface/error_reporting]
2023-04-07 11:49:13,778 DEBUG    root            Loaded Command Group: ['gcloud', 'recaptcha']
2023-04-07 11:49:13,779 DEBUG    root            Loaded Command Group: ['gcloud', 'billing']
2023-04-07 11:49:13,780 DEBUG    root            Loaded Command Group: ['gcloud', 'active_directory']
2023-04-07 11:49:13,781 DEBUG    root            Loaded Command Group: ['gcloud', 'identity']
2023-04-07 11:49:13,782 DEBUG    root            Loaded Command Group: ['gcloud', 'network_security']
2023-04-07 11:49:13,784 DEBUG    root            Loaded Command Group: ['gcloud', 'emulators']
2023-04-07 11:49:13,785 DEBUG    root            Loaded Command Group: ['gcloud', 'bms']
2023-04-07 11:49:13,786 DEBUG    root            No implementation for release track [GA] for element: [/Users/quanianitis/Downloads/google-cloud-sdk/lib/surface/spectrum_access]
2023-04-07 11:49:13,787 DEBUG    root            Loaded Command Group: ['gcloud', 'edge_cloud']
2023-04-07 11:49:13,788 DEBUG    root            Loaded Command Group: ['gcloud', 'monitoring']
2023-04-07 11:49:13,789 DEBUG    root            No implementation for release track [GA] for element: [/Users/quanianitis/Downloads/google-cloud-sdk/lib/surface/workload_certificate]
2023-04-07 11:49:13,790 DEBUG    root            Loaded Command Group: ['gcloud', 'vmware']
2023-04-07 11:49:13,791 DEBUG    root            Loaded Command Group: ['gcloud', 'dataplex']
2023-04-07 11:49:13,793 DEBUG    root            Loaded Command Group: ['gcloud', 'network_management']
2023-04-07 11:49:13,794 DEBUG    root            No implementation for release track [GA] for element: [/Users/quanianitis/Downloads/google-cloud-sdk/lib/surface/data_fusion]
2023-04-07 11:49:13,795 DEBUG    root            Loaded Command Group: ['gcloud', 'run']
2023-04-07 11:49:13,796 DEBUG    root            Loaded Command Group: ['gcloud', 'sql']
2023-04-07 11:49:13,799 DEBUG    root            Loaded Command Group: ['gcloud', 'debug']
2023-04-07 11:49:13,800 DEBUG    root            Loaded Command Group: ['gcloud', 'secrets']
2023-04-07 11:49:13,801 DEBUG    root            No implementation for release track [GA] for element: [/Users/quanianitis/Downloads/google-cloud-sdk/lib/surface/telco_automation]
2023-04-07 11:49:13,802 DEBUG    root            Loaded Command Group: ['gcloud', 'asset']
2023-04-07 11:49:13,803 DEBUG    root            Loaded Command Group: ['gcloud', 'service_directory']
2023-04-07 11:49:13,804 DEBUG    root            No implementation for release track [GA] for element: [/Users/quanianitis/Downloads/google-cloud-sdk/lib/surface/microservices]
2023-04-07 11:49:13,805 DEBUG    root            No implementation for release track [GA] for element: [/Users/quanianitis/Downloads/google-cloud-sdk/lib/surface/beyondcorp]
2023-04-07 11:49:13,805 DEBUG    root            Loaded Command Group: ['gcloud', 'access_context_manager']
2023-04-07 11:49:14,010 DEBUG    root            No implementation for release track [GA] for element: [/Users/quanianitis/Downloads/google-cloud-sdk/lib/surface/interactive]
2023-04-07 11:49:14,010 DEBUG    root            Loaded Command Group: ['gcloud', 'game']
2023-04-07 11:49:14,012 DEBUG    root            Loaded Command Group: ['gcloud', 'app']
2023-04-07 11:49:14,013 DEBUG    root            No implementation for release track [GA] for element: [/Users/quanianitis/Downloads/google-cloud-sdk/lib/surface/source_manager]
2023-04-07 11:49:14,013 DEBUG    root            No implementation for release track [GA] for element: [/Users/quanianitis/Downloads/google-cloud-sdk/lib/surface/datapipelines]
2023-04-07 11:49:14,014 DEBUG    root            No implementation for release track [GA] for element: [/Users/quanianitis/Downloads/google-cloud-sdk/lib/surface/looker]
2023-04-07 11:49:14,015 DEBUG    root            No implementation for release track [GA] for element: [/Users/quanianitis/Downloads/google-cloud-sdk/lib/surface/media]
2023-04-07 11:49:14,015 DEBUG    root            Loaded Command Group: ['gcloud', 'network_connectivity']
2023-04-07 11:49:14,067 DEBUG    root            No implementation for release track [GA] for element: [/Users/quanianitis/Downloads/google-cloud-sdk/lib/surface/events]
2023-04-07 11:49:14,067 DEBUG    root            Loaded Command Group: ['gcloud', 'auth']
2023-04-07 11:49:14,069 DEBUG    root            Loaded Command Group: ['gcloud', 'network_services']
2023-04-07 11:49:14,070 DEBUG    root            Loaded Command Group: ['gcloud', 'alloydb']
2023-04-07 11:49:14,072 DEBUG    root            No implementation for release track [GA] for element: [/Users/quanianitis/Downloads/google-cloud-sdk/lib/surface/network_actions]
2023-04-07 11:49:14,072 DEBUG    root            Loaded Command Group: ['gcloud', 'kms']
2023-04-07 11:49:14,075 DEBUG    root            Loaded Command Group: ['gcloud', 'builds']
2023-04-07 11:49:14,076 DEBUG    root            No implementation for release track [GA] for element: [/Users/quanianitis/Downloads/google-cloud-sdk/lib/surface/web_security_scanner]
2023-04-07 11:49:14,076 DEBUG    root            Loaded Command Group: ['gcloud', 'components']
2023-04-07 11:49:14,078 DEBUG    root            No implementation for release track [GA] for element: [/Users/quanianitis/Downloads/google-cloud-sdk/lib/surface/resource_config]
2023-04-07 11:49:14,078 DEBUG    root            No implementation for release track [GA] for element: [/Users/quanianitis/Downloads/google-cloud-sdk/lib/surface/kuberun]
2023-04-07 11:49:14,079 DEBUG    root            No implementation for release track [GA] for element: [/Users/quanianitis/Downloads/google-cloud-sdk/lib/surface/mps]
2023-04-07 11:49:14,079 DEBUG    root            Loaded Command Group: ['gcloud', 'domains']
2023-04-07 11:49:14,080 DEBUG    root            Loaded Command Group: ['gcloud', 'scc']
2023-04-07 11:49:14,084 DEBUG    root            Loaded Command Group: ['gcloud', 'functions']
2023-04-07 11:49:14,086 DEBUG    root            Loaded Command Group: ['gcloud', 'org_policies']
2023-04-07 11:49:14,087 DEBUG    root            No implementation for release track [GA] for element: [/Users/quanianitis/Downloads/google-cloud-sdk/lib/surface/genomics]
2023-04-07 11:49:14,088 DEBUG    root            Loaded Command Group: ['gcloud', 'database_migration']
2023-04-07 11:49:14,089 DEBUG    root            Loaded Command Group: ['gcloud', 'transcoder']
2023-04-07 11:49:14,090 DEBUG    root            Loaded Command Group: ['gcloud', 'redis']
2023-04-07 11:49:14,091 DEBUG    root            Loaded Command Group: ['gcloud', 'notebooks']
2023-04-07 11:49:14,093 DEBUG    root            Loaded Command Group: ['gcloud', 'iot']
2023-04-07 11:49:14,094 DEBUG    root            Loaded Command Group: ['gcloud', 'composer']
2023-04-07 11:49:14,095 DEBUG    root            Loaded Command Group: ['gcloud', 'ids']
2023-04-07 11:49:14,096 DEBUG    root            Loaded Command Group: ['gcloud', 'policy_intelligence']
2023-04-07 11:49:14,097 DEBUG    root            Loaded Command Group: ['gcloud', 'access_approval']
2023-04-07 11:49:14,107 DEBUG    root            Loaded Command Group: ['gcloud', 'init']
2023-04-07 11:49:14,108 DEBUG    root            Loaded Command Group: ['gcloud', 'recommender']
2023-04-07 11:49:14,109 DEBUG    root            Loaded Command Group: ['gcloud', 'data_catalog']
2023-04-07 11:49:14,110 DEBUG    root            No implementation for release track [GA] for element: [/Users/quanianitis/Downloads/google-cloud-sdk/lib/surface/netapp]
2023-04-07 11:49:14,111 DEBUG    root            No implementation for release track [GA] for element: [/Users/quanianitis/Downloads/google-cloud-sdk/lib/surface/publicca]
2023-04-07 11:49:14,111 DEBUG    root            Loaded Command Group: ['gcloud', 'ml']
2023-04-07 11:49:14,113 DEBUG    root            Loaded Command Group: ['gcloud', 'spanner']
2023-04-07 11:49:14,114 DEBUG    root            Loaded Command Group: ['gcloud', 'workspace_add_ons']
2023-04-07 11:49:14,115 DEBUG    root            Loaded Command Group: ['gcloud', 'artifacts']
2023-04-07 11:49:14,116 DEBUG    root            Loaded Command Group: ['gcloud', 'cheat_sheet']
2023-04-07 11:49:14,117 DEBUG    root            No implementation for release track [GA] for element: [/Users/quanianitis/Downloads/google-cloud-sdk/lib/surface/trace]
2023-04-07 11:49:14,122 DEBUG    root            Loaded Command Group: ['gcloud', 'info']
2023-04-07 11:49:14,123 DEBUG    root            Loaded Command Group: ['gcloud', 'anthos']
2023-04-07 11:49:14,125 DEBUG    root            Loaded Command Group: ['gcloud', 'policy_troubleshoot']
2023-04-07 11:49:14,126 DEBUG    root            Loaded Command Group: ['gcloud', 'assured']
2023-04-07 11:49:14,127 DEBUG    root            Loaded Command Group: ['gcloud', 'config']
2023-04-07 11:49:14,135 DEBUG    root            Loaded Command Group: ['gcloud', 'survey']
2023-04-07 11:49:14,136 DEBUG    root            Loaded Command Group: ['gcloud', 'scheduler']
2023-04-07 11:49:14,138 DEBUG    root            Loaded Command Group: ['gcloud', 'dataproc']
2023-04-07 11:49:14,139 DEBUG    root            No implementation for release track [GA] for element: [/Users/quanianitis/Downloads/google-cloud-sdk/lib/surface/commerce_procurement]
2023-04-07 11:49:14,140 DEBUG    root            Loaded Command Group: ['gcloud', 'projects']
2023-04-07 11:49:14,141 DEBUG    root            Loaded Command Group: ['gcloud', 'cloud_shell']
2023-04-07 11:49:14,142 DEBUG    root            Loaded Command Group: ['gcloud', 'dns']
2023-04-07 11:49:14,144 DEBUG    root            Loaded Command Group: ['gcloud', 'dataflow']
2023-04-07 11:49:14,145 DEBUG    root            Loaded Command Group: ['gcloud', 'datastream']
2023-04-07 11:49:14,147 DEBUG    root            Loaded Command Group: ['gcloud', 'ai']
2023-04-07 11:49:14,148 DEBUG    root            Loaded Command Group: ['gcloud', 'resource_manager']
2023-04-07 11:49:14,151 DEBUG    root            Loaded Command Group: ['gcloud', 'feedback']
2023-04-07 11:49:14,152 DEBUG    root            Loaded Command Group: ['gcloud', 'endpoints']
2023-04-07 11:49:14,156 DEBUG    root            Loaded Command Group: ['gcloud', 'storage']
2023-04-07 11:49:14,157 DEBUG    root            Loaded Command Group: ['gcloud', 'batch']
2023-04-07 11:49:14,158 DEBUG    root            No implementation for release track [GA] for element: [/Users/quanianitis/Downloads/google-cloud-sdk/lib/surface/remote_build_execution]
2023-04-07 11:49:14,158 DEBUG    root            Loaded Command Group: ['gcloud', 'deployment_manager']
2023-04-07 11:49:14,160 DEBUG    root            No implementation for release track [GA] for element: [/Users/quanianitis/Downloads/google-cloud-sdk/lib/surface/blockchain_node_engine]
2023-04-07 11:49:14,160 DEBUG    root            Loaded Command Group: ['gcloud', 'certificate_manager']
2023-04-07 11:49:14,161 DEBUG    root            Loaded Command Group: ['gcloud', 'firestore']
2023-04-07 11:49:14,163 DEBUG    root            Loaded Command Group: ['gcloud', 'services']
2023-04-07 11:49:14,164 DEBUG    root            Loaded Command Group: ['gcloud', 'resource_settings']
2023-04-07 11:49:14,165 DEBUG    root            No implementation for release track [GA] for element: [/Users/quanianitis/Downloads/google-cloud-sdk/lib/surface/dlp]
2023-04-07 11:49:14,171 DEBUG    root            Loaded Command Group: ['gcloud', 'help']
2023-04-07 11:49:14,173 DEBUG    root            No implementation for release track [GA] for element: [/Users/quanianitis/Downloads/google-cloud-sdk/lib/surface/runtime_config]
2023-04-07 11:49:14,174 DEBUG    root            Loaded Command Group: ['gcloud', 'iam']
2023-04-07 11:49:14,175 DEBUG    root            Loaded Command Group: ['gcloud', 'eventarc']
2023-04-07 11:49:14,176 DEBUG    root            Loaded Command Group: ['gcloud', 'meta']
2023-04-07 11:49:14,177 DEBUG    root            Loaded Command Group: ['gcloud', 'immersive_stream']
2023-04-07 11:49:14,178 DEBUG    root            Loaded Command Group: ['gcloud', 'logging']
2023-04-07 11:49:14,179 DEBUG    root            Loaded Command Group: ['gcloud', 'iap']
2023-04-07 11:49:14,181 DEBUG    root            No implementation for release track [GA] for element: [/Users/quanianitis/Downloads/google-cloud-sdk/lib/surface/terraform]
2023-04-07 11:49:14,181 DEBUG    root            Loaded Command Group: ['gcloud', 'source']
2023-04-07 11:49:14,182 DEBUG    root            Loaded Command Group: ['gcloud', 'ai_platform']
2023-04-07 11:49:14,183 DEBUG    root            Loaded Command Group: ['gcloud', 'bigtable']
2023-04-07 11:49:14,184 DEBUG    root            No implementation for release track [GA] for element: [/Users/quanianitis/Downloads/google-cloud-sdk/lib/surface/dialogflow]
2023-04-07 11:49:14,184 DEBUG    root            Loaded Command Group: ['gcloud', 'deploy']
2023-04-07 11:49:14,185 DEBUG    root            No implementation for release track [GA] for element: [/Users/quanianitis/Downloads/google-cloud-sdk/lib/surface/bq]
2023-04-07 11:49:14,186 DEBUG    root            Loaded Command Group: ['gcloud', 'privateca']
2023-04-07 11:49:14,187 DEBUG    root            Chosen display Format:table[no-heading,margin=6,width=80]([0]:label='':align=left:width=22,[1]:label='':align=left:wrap)
2023-04-07 11:49:14,188 DEBUG    root            Chosen display Format:table[no-heading,margin=6,width=80]([0]:label='':align=left:width=22,[1]:label='':align=left:wrap)
2023-04-07 11:49:14,189 DEBUG    root            Chosen display Format:table[no-heading,margin=6,width=80]([0]:label='':align=left:width=22,[1]:label='':align=left:wrap)
2023-04-07 11:49:14,189 DEBUG    root            Chosen display Format:table[no-heading,margin=6,width=80]([0]:label='':align=left:width=22,[1]:label='':align=left:wrap)
2023-04-07 11:49:14,189 DEBUG    root            Chosen display Format:table[no-heading,margin=6,width=80]([0]:label='':align=left:width=22,[1]:label='':align=left:wrap)
2023-04-07 11:49:14,190 DEBUG    root            Chosen display Format:table[no-heading,margin=6,width=80]([0]:label='':align=left:width=22,[1]:label='':align=left:wrap)
2023-04-07 11:49:14,190 DEBUG    root            Chosen display Format:table[no-heading,margin=6,width=80]([0]:label='':align=left:width=22,[1]:label='':align=left:wrap)
2023-04-07 11:49:14,191 DEBUG    root            Chosen display Format:table[no-heading,margin=6,width=80]([0]:label='':align=left:width=22,[1]:label='':align=left:wrap)
2023-04-07 11:49:14,192 DEBUG    root            Chosen display Format:table[no-heading,margin=6,width=80]([0]:label='':align=left:width=22,[1]:label='':align=left:wrap)
2023-04-07 11:49:14,193 DEBUG    root            Chosen display Format:table[no-heading,margin=6,width=80]([0]:label='':align=left:width=22,[1]:label='':align=left:wrap)
2023-04-07 11:49:14,193 DEBUG    root            Chosen display Format:table[no-heading,margin=6,width=80]([0]:label='':align=left:width=22,[1]:label='':align=left:wrap)
2023-04-07 11:49:14,195 DEBUG    root            Chosen display Format:table[no-heading,margin=6,width=80]([0]:label='':align=left:width=22,[1]:label='':align=left:wrap)
2023-04-07 11:49:14,195 DEBUG    root            Chosen display Format:table[no-heading,margin=6,width=80]([0]:label='':align=left:width=22,[1]:label='':align=left:wrap)
2023-04-07 11:49:14,196 DEBUG    root            Chosen display Format:table[no-heading,margin=6,width=80]([0]:label='':align=left:width=22,[1]:label='':align=left:wrap)
2023-04-07 11:49:14,196 DEBUG    root            Chosen display Format:table[no-heading,margin=6,width=80]([0]:label='':align=left:width=22,[1]:label='':align=left:wrap)
2023-04-07 11:49:14,196 DEBUG    root            Chosen display Format:table[no-heading,margin=6,width=80]([0]:label='':align=left:width=22,[1]:label='':align=left:wrap)
2023-04-07 11:49:14,197 DEBUG    root            Chosen display Format:table[no-heading,margin=6,width=80]([0]:label='':align=left:width=22,[1]:label='':align=left:wrap)
2023-04-07 11:49:14,198 DEBUG    root            Chosen display Format:table[no-heading,margin=6,width=80]([0]:label='':align=left:width=22,[1]:label='':align=left:wrap)
2023-04-07 11:49:14,198 DEBUG    root            Chosen display Format:table[no-heading,margin=6,width=80]([0]:label='':align=left:width=22,[1]:label='':align=left:wrap)
2023-04-07 11:49:14,199 DEBUG    root            Chosen display Format:table[no-heading,margin=6,width=80]([0]:label='':align=left:width=22,[1]:label='':align=left:wrap)
2023-04-07 11:49:14,199 DEBUG    root            Chosen display Format:table[no-heading,margin=6,width=80]([0]:label='':align=left:width=22,[1]:label='':align=left:wrap)
2023-04-07 11:49:14,199 DEBUG    root            Chosen display Format:table[no-heading,margin=6,width=80]([0]:label='':align=left:width=22,[1]:label='':align=left:wrap)
2023-04-07 11:49:14,200 DEBUG    root            Chosen display Format:table[no-heading,margin=6,width=80]([0]:label='':align=left:width=22,[1]:label='':align=left:wrap)
2023-04-07 11:49:14,200 DEBUG    root            Chosen display Format:table[no-heading,margin=6,width=80]([0]:label='':align=left:width=22,[1]:label='':align=left:wrap)
2023-04-07 11:49:14,201 DEBUG    root            Chosen display Format:table[no-heading,margin=6,width=80]([0]:label='':align=left:width=22,[1]:label='':align=left:wrap)
2023-04-07 11:49:14,201 DEBUG    root            Chosen display Format:table[no-heading,margin=6,width=80]([0]:label='':align=left:width=22,[1]:label='':align=left:wrap)
2023-04-07 11:49:18,736 INFO     ___FILE_ONLY___ 

Command killed by keyboard interrupt


