2023-04-07 11:49:25,965 DEBUG    root            Loaded Command Group: ['gcloud', 'auth']
2023-04-07 11:49:25,975 DEBUG    root            Loaded Command Group: ['gcloud', 'auth', 'login']
2023-04-07 11:49:25,976 DEBUG    root            Running [gcloud.auth.login] with arguments: []
2023-04-07 11:49:26,346 DEBUG    requests_oauthlib.oauth2_session Generated new state ePzGa3Bx3ABOZTgq78ZuBpBtlH0WtG.
2023-04-07 11:49:26,480 INFO     ___FILE_ONLY___ Your browser has been opened to visit:

    https://accounts.google.com/o/oauth2/auth?response_type=code&client_id=32555940559.apps.googleusercontent.com&redirect_uri=http%3A%2F%2Flocalhost%3A8085%2F&scope=openid+https%3A%2F%2Fwww.googleapis.com%2Fauth%2Fuserinfo.email+https%3A%2F%2Fwww.googleapis.com%2Fauth%2Fcloud-platform+https%3A%2F%2Fwww.googleapis.com%2Fauth%2Fappengine.admin+https%3A%2F%2Fwww.googleapis.com%2Fauth%2Fsqlservice.login+https%3A%2F%2Fwww.googleapis.com%2Fauth%2Fcompute+https%3A%2F%2Fwww.googleapis.com%2Fauth%2Faccounts.reauth&state=ePzGa3Bx3ABOZTgq78ZuBpBtlH0WtG&access_type=offline&code_challenge=P8NZdnEV9b_Fwop_ygqRzlcbR0sMNKB2QxYAQMRlzAY&code_challenge_method=S256


2023-04-07 11:49:45,144 INFO     google_auth_oauthlib.flow "GET /?state=ePzGa3Bx3ABOZTgq78ZuBpBtlH0WtG&code=4/0AVHEtk4_kmpQz-pU2toU2zWl_hNkV7TfHnkjnBVJ4NsCWSpwIv7Fr_4VbdHZnzngw730yA&scope=email%20openid%20https://www.googleapis.com/auth/userinfo.email%20https://www.googleapis.com/auth/cloud-platform%20https://www.googleapis.com/auth/appengine.admin%20https://www.googleapis.com/auth/sqlservice.login%20https://www.googleapis.com/auth/compute%20https://www.googleapis.com/auth/accounts.reauth&authuser=0&prompt=consent HTTP/1.1" 200 959
2023-04-07 11:49:45,144 DEBUG    requests_oauthlib.oauth2_session Requesting url https://oauth2.googleapis.com/token using method POST.
2023-04-07 11:49:45,144 DEBUG    requests_oauthlib.oauth2_session Supplying headers {b'Accept': b'application/json', b'Content-Type': b'application/x-www-form-urlencoded;charset=UTF-8', b'user-agent': b'google-cloud-sdk gcloud/425.0.0 command/gcloud.auth.login invocation-id/5c4bf004cc084328b0d62650f770eca4 environment/None environment-version/None interactive/True from-script/False python/3.11.2 term/xterm-256color (Macintosh; Intel Mac OS X 22.4.0)'} and data {'grant_type': 'authorization_code', 'client_id': '32555940559.apps.googleusercontent.com', 'client_secret': 'ZmssLNjJy2998hD4CTg2ejr2', 'code': '4/0AVHEtk4_kmpQz-pU2toU2zWl_hNkV7TfHnkjnBVJ4NsCWSpwIv7Fr_4VbdHZnzngw730yA', 'redirect_uri': 'http://localhost:8085/', 'code_verifier': 'GvWNQT.Bb9EJLZZJj.~9qeJgM~-GQdsH_WvIUwSQ5zx0NDns99YwU6~3MGhMg6.fN5aQKXxc2tL5WQUxDSIXW808mE_X~A.X3yu8xec6QaS4ljqrLB7QUnBdt5oQveoB'}
2023-04-07 11:49:45,145 DEBUG    requests_oauthlib.oauth2_session Passing through key word arguments {'json': None, 'timeout': None, 'auth': None, 'verify': None, 'proxies': None}.
2023-04-07 11:49:45,157 DEBUG    urllib3.connectionpool Starting new HTTPS connection (1): oauth2.googleapis.com:443
2023-04-07 11:49:45,367 DEBUG    urllib3.connectionpool https://oauth2.googleapis.com:443 "POST /token HTTP/1.1" 200 None
2023-04-07 11:49:45,368 DEBUG    requests_oauthlib.oauth2_session Prepared fetch token request body grant_type=authorization_code&client_id=32555940559.apps.googleusercontent.com&client_secret=ZmssLNjJy2998hD4CTg2ejr2&code=4%2F0AVHEtk4_kmpQz-pU2toU2zWl_hNkV7TfHnkjnBVJ4NsCWSpwIv7Fr_4VbdHZnzngw730yA&redirect_uri=http%3A%2F%2Flocalhost%3A8085%2F&code_verifier=GvWNQT.Bb9EJLZZJj.~9qeJgM~-GQdsH_WvIUwSQ5zx0NDns99YwU6~3MGhMg6.fN5aQKXxc2tL5WQUxDSIXW808mE_X~A.X3yu8xec6QaS4ljqrLB7QUnBdt5oQveoB
2023-04-07 11:49:45,368 DEBUG    requests_oauthlib.oauth2_session Request to fetch token completed with status 200.
2023-04-07 11:49:45,368 DEBUG    requests_oauthlib.oauth2_session Request headers were {'user-agent': b'google-cloud-sdk gcloud/425.0.0 command/gcloud.auth.login invocation-id/5c4bf004cc084328b0d62650f770eca4 environment/None environment-version/None interactive/True from-script/False python/3.11.2 term/xterm-256color (Macintosh; Intel Mac OS X 22.4.0)', 'Accept-Encoding': 'gzip, deflate', 'Accept': b'application/json', 'Connection': 'keep-alive', 'Content-Type': b'application/x-www-form-urlencoded;charset=UTF-8', 'Content-Length': '387'}
2023-04-07 11:49:45,368 DEBUG    requests_oauthlib.oauth2_session Request body was grant_type=authorization_code&client_id=32555940559.apps.googleusercontent.com&client_secret=ZmssLNjJy2998hD4CTg2ejr2&code=4%2F0AVHEtk4_kmpQz-pU2toU2zWl_hNkV7TfHnkjnBVJ4NsCWSpwIv7Fr_4VbdHZnzngw730yA&redirect_uri=http%3A%2F%2Flocalhost%3A8085%2F&code_verifier=GvWNQT.Bb9EJLZZJj.~9qeJgM~-GQdsH_WvIUwSQ5zx0NDns99YwU6~3MGhMg6.fN5aQKXxc2tL5WQUxDSIXW808mE_X~A.X3yu8xec6QaS4ljqrLB7QUnBdt5oQveoB
2023-04-07 11:49:45,368 DEBUG    requests_oauthlib.oauth2_session Response headers were {'Pragma': 'no-cache', 'Expires': 'Mon, 01 Jan 1990 00:00:00 GMT', 'Date': 'Fri, 07 Apr 2023 03:49:45 GMT', 'Cache-Control': 'no-cache, no-store, max-age=0, must-revalidate', 'Content-Type': 'application/json; charset=utf-8', 'Vary': 'Origin, X-Origin, Referer', 'Content-Encoding': 'gzip', 'Server': 'scaffolding on HTTPServer2', 'X-XSS-Protection': '0', 'X-Frame-Options': 'SAMEORIGIN', 'X-Content-Type-Options': 'nosniff', 'Alt-Svc': 'h3=":443"; ma=2592000,h3-29=":443"; ma=2592000', 'Transfer-Encoding': 'chunked'} and content {
  "access_token": "ya29.a0Ael9sCNLE4spSo-6aK7GqbnPniABe7IUX2NyIIf5BhJ8P8ft7I_pa_xKeRtpz8bXhg4XNLEr2GM2K19V3nyfzhAr0GFdzYP_IlL_BO1NWtQBGH21rOYuaeRpjhAp-dDsVaRiNOfgu6fz9JBypWXw18A28fXi51MZc9sBaCgYKAf4SARMSFQF4udJhn7NT7cJT3jIxS7nKT8BWxQ0171",
  "expires_in": 3599,
  "refresh_token": "1//0gFQSui-AQ5EnCgYIARAAGBASNwF-L9Iraty8k2XQJxOg631zUvUyQtlS7zj9GI79W4Q4vGVYfjzWQ0L49eOtdsWsrNKiiD2H1KQ",
  "scope": "https://www.googleapis.com/auth/userinfo.email https://www.googleapis.com/auth/appengine.admin https://www.googleapis.com/auth/sqlservice.login https://www.googleapis.com/auth/compute openid https://www.googleapis.com/auth/cloud-platform https://www.googleapis.com/auth/accounts.reauth",
  "token_type": "Bearer",
  "id_token": "eyJhbGciOiJSUzI1NiIsImtpZCI6ImFjZGEzNjBmYjM2Y2QxNWZmODNhZjgzZTE3M2Y0N2ZmYzM2ZDExMWMiLCJ0eXAiOiJKV1QifQ.eyJpc3MiOiJodHRwczovL2FjY291bnRzLmdvb2dsZS5jb20iLCJhenAiOiIzMjU1NTk0MDU1OS5hcHBzLmdvb2dsZXVzZXJjb250ZW50LmNvbSIsImF1ZCI6IjMyNTU1OTQwNTU5LmFwcHMuZ29vZ2xldXNlcmNvbnRlbnQuY29tIiwic3ViIjoiMTE1ODYwNjg1NjUwMzkyMzQ2Mzk4IiwiZW1haWwiOiJxdWFuaWFuaXRpc0BnbWFpbC5jb20iLCJlbWFpbF92ZXJpZmllZCI6dHJ1ZSwiYXRfaGFzaCI6IndmTlA3RkpkRTR6cm5DV25hYkpBclEiLCJpYXQiOjE2ODA4MzkzODUsImV4cCI6MTY4MDg0Mjk4NX0.bBS8W5XJfost7glfYMxPanlSjYeo-s67A7Rp9hux-Spp0dRB7tF4ID8joG8r9DXvJnMYCpcSyW8CicZvVOvrMM-Q4qR9UFggdYEcNuwHkmoDRT6weHqGmuEabk4vMK1F8I0ZIHKLWQHKgTPuTFV38v8pmGRaetQHjrQo9se_cq1PxFtP8yXEWet91aU56abLohOKhztCU5TM7fORvSabf5jH-y60TpDFV1B1HWZ9s79YU4DIweV04RapO5EHeLwWqwvcJtoL32e7djf1vCSkdpEIIy9p5RQ6hfs8cqNIFqY7zzmf0KT8rkumsvhnYhy1l7jTEFYhaElYckjycyhv4g"
}.
2023-04-07 11:49:45,369 DEBUG    requests_oauthlib.oauth2_session Invoking 0 token response hooks.
2023-04-07 11:49:45,369 DEBUG    requests_oauthlib.oauth2_session Obtained token {'access_token': 'ya29.a0Ael9sCNLE4spSo-6aK7GqbnPniABe7IUX2NyIIf5BhJ8P8ft7I_pa_xKeRtpz8bXhg4XNLEr2GM2K19V3nyfzhAr0GFdzYP_IlL_BO1NWtQBGH21rOYuaeRpjhAp-dDsVaRiNOfgu6fz9JBypWXw18A28fXi51MZc9sBaCgYKAf4SARMSFQF4udJhn7NT7cJT3jIxS7nKT8BWxQ0171', 'expires_in': 3599, 'refresh_token': '1//0gFQSui-AQ5EnCgYIARAAGBASNwF-L9Iraty8k2XQJxOg631zUvUyQtlS7zj9GI79W4Q4vGVYfjzWQ0L49eOtdsWsrNKiiD2H1KQ', 'scope': ['https://www.googleapis.com/auth/userinfo.email', 'https://www.googleapis.com/auth/appengine.admin', 'https://www.googleapis.com/auth/sqlservice.login', 'https://www.googleapis.com/auth/compute', 'openid', 'https://www.googleapis.com/auth/cloud-platform', 'https://www.googleapis.com/auth/accounts.reauth'], 'token_type': 'Bearer', 'id_token': 'eyJhbGciOiJSUzI1NiIsImtpZCI6ImFjZGEzNjBmYjM2Y2QxNWZmODNhZjgzZTE3M2Y0N2ZmYzM2ZDExMWMiLCJ0eXAiOiJKV1QifQ.eyJpc3MiOiJodHRwczovL2FjY291bnRzLmdvb2dsZS5jb20iLCJhenAiOiIzMjU1NTk0MDU1OS5hcHBzLmdvb2dsZXVzZXJjb250ZW50LmNvbSIsImF1ZCI6IjMyNTU1OTQwNTU5LmFwcHMuZ29vZ2xldXNlcmNvbnRlbnQuY29tIiwic3ViIjoiMTE1ODYwNjg1NjUwMzkyMzQ2Mzk4IiwiZW1haWwiOiJxdWFuaWFuaXRpc0BnbWFpbC5jb20iLCJlbWFpbF92ZXJpZmllZCI6dHJ1ZSwiYXRfaGFzaCI6IndmTlA3RkpkRTR6cm5DV25hYkpBclEiLCJpYXQiOjE2ODA4MzkzODUsImV4cCI6MTY4MDg0Mjk4NX0.bBS8W5XJfost7glfYMxPanlSjYeo-s67A7Rp9hux-Spp0dRB7tF4ID8joG8r9DXvJnMYCpcSyW8CicZvVOvrMM-Q4qR9UFggdYEcNuwHkmoDRT6weHqGmuEabk4vMK1F8I0ZIHKLWQHKgTPuTFV38v8pmGRaetQHjrQo9se_cq1PxFtP8yXEWet91aU56abLohOKhztCU5TM7fORvSabf5jH-y60TpDFV1B1HWZ9s79YU4DIweV04RapO5EHeLwWqwvcJtoL32e7djf1vCSkdpEIIy9p5RQ6hfs8cqNIFqY7zzmf0KT8rkumsvhnYhy1l7jTEFYhaElYckjycyhv4g', 'expires_at': 1680842984.369178}.
2023-04-07 11:49:45,385 INFO     ___FILE_ONLY___ 
You are now logged in as [quanianitis@gmail.com].
Your current project is [blackpink-sandbox].  You can change this setting by running:
  $ gcloud config set project PROJECT_ID

2023-04-07 11:49:45,385 DEBUG    root            Chosen display Format:none
2023-04-07 11:49:45,385 INFO     root            Display format: "none"
2023-04-07 11:49:45,387 DEBUG    root            Checking for updates...
2023-04-07 11:49:45,390 DEBUG    urllib3.connectionpool Starting new HTTPS connection (1): dl.google.com:443
2023-04-07 11:49:45,444 DEBUG    urllib3.connectionpool https://dl.google.com:443 "GET /dl/cloudsdk/channels/rapid/components-2.json HTTP/1.1" 200 206156
2023-04-07 11:49:45,537 DEBUG    root            Updating notification cache...
