2023-04-07 11:51:07,919 DEBUG    root            Loaded Command Group: ['gcloud', 'auth']
2023-04-07 11:51:07,920 DEBUG    root            Loaded Command Group: ['gcloud', 'auth', 'configure_docker']
2023-04-07 11:51:07,922 DEBUG    root            Running [gcloud.auth.configure-docker] with arguments: []
2023-04-07 11:51:07,922 WARNING  root            `docker` not in system PATH.
`docker` and `docker-credential-gcloud` need to be in the same PATH in order to work correctly together.
gcloud's Docker credential helper can be configured but it will not work until this is corrected.
2023-04-07 11:51:07,922 WARNING  root            Your config file at [/Users/quanianitis/.docker/config.json] contains these credential helper entries:

{
  "credHelpers": {
    "gcr.io": "gcloud",
    "us.gcr.io": "gcloud",
    "eu.gcr.io": "gcloud",
    "asia.gcr.io": "gcloud",
    "staging-k8s.gcr.io": "gcloud",
    "marketplace.gcr.io": "gcloud"
  }
}
2023-04-07 11:51:07,922 INFO     ___FILE_ONLY___ Adding credentials for all GCR repositories.

2023-04-07 11:51:07,922 WARNING  root            A long list of credential helpers may cause delays running 'docker build'. We recommend passing the registry name to configure only the registry you are using.
2023-04-07 11:51:07,922 INFO     ___FILE_ONLY___ gcloud credential helpers already registered correctly.

2023-04-07 11:51:07,923 DEBUG    root            Chosen display Format:default
2023-04-07 11:51:07,923 INFO     root            Display format: "default"
