2023-04-07 12:02:50,077 DEBUG    root            Loaded Command Group: ['gcloud', 'auth']
2023-04-07 12:02:50,081 DEBUG    root            Loaded Command Group: ['gcloud', 'auth', 'login']
2023-04-07 12:02:50,083 DEBUG    root            Running [gcloud.auth.login] with arguments: []
2023-04-07 12:02:50,097 DEBUG    requests_oauthlib.oauth2_session Generated new state ZWXvdgte4C30weGCMJKzIDtl2LvgQw.
2023-04-07 12:02:50,230 INFO     ___FILE_ONLY___ Your browser has been opened to visit:

    https://accounts.google.com/o/oauth2/auth?response_type=code&client_id=32555940559.apps.googleusercontent.com&redirect_uri=http%3A%2F%2Flocalhost%3A8085%2F&scope=openid+https%3A%2F%2Fwww.googleapis.com%2Fauth%2Fuserinfo.email+https%3A%2F%2Fwww.googleapis.com%2Fauth%2Fcloud-platform+https%3A%2F%2Fwww.googleapis.com%2Fauth%2Fappengine.admin+https%3A%2F%2Fwww.googleapis.com%2Fauth%2Fsqlservice.login+https%3A%2F%2Fwww.googleapis.com%2Fauth%2Fcompute+https%3A%2F%2Fwww.googleapis.com%2Fauth%2Faccounts.reauth&state=ZWXvdgte4C30weGCMJKzIDtl2LvgQw&access_type=offline&code_challenge=j_d_qvpOP6a5YSAGSsMoKIQ8SDqLZ-Eg62masVCx0y4&code_challenge_method=S256


2023-04-07 12:02:55,406 INFO     google_auth_oauthlib.flow "GET /?state=ZWXvdgte4C30weGCMJKzIDtl2LvgQw&code=4/0AVHEtk4zmlR_PKarXwhn0RdETmS8K-jnhTDM_ikIRmW3qfr4FjSZcabyK4h9DPQk-PVSfA&scope=email%20openid%20https://www.googleapis.com/auth/userinfo.email%20https://www.googleapis.com/auth/cloud-platform%20https://www.googleapis.com/auth/appengine.admin%20https://www.googleapis.com/auth/sqlservice.login%20https://www.googleapis.com/auth/compute%20https://www.googleapis.com/auth/accounts.reauth&authuser=0&prompt=consent HTTP/1.1" 200 959
2023-04-07 12:02:55,407 DEBUG    requests_oauthlib.oauth2_session Requesting url https://oauth2.googleapis.com/token using method POST.
2023-04-07 12:02:55,408 DEBUG    requests_oauthlib.oauth2_session Supplying headers {b'Accept': b'application/json', b'Content-Type': b'application/x-www-form-urlencoded;charset=UTF-8', b'user-agent': b'google-cloud-sdk gcloud/423.0.0 command/gcloud.auth.login invocation-id/01cbe00af2a8487c830dd71c1a0009cf environment/None environment-version/None interactive/True from-script/False python/3.11.2 term/xterm-256color (Macintosh; Intel Mac OS X 22.4.0)'} and data {'grant_type': 'authorization_code', 'client_id': '32555940559.apps.googleusercontent.com', 'client_secret': 'ZmssLNjJy2998hD4CTg2ejr2', 'code': '4/0AVHEtk4zmlR_PKarXwhn0RdETmS8K-jnhTDM_ikIRmW3qfr4FjSZcabyK4h9DPQk-PVSfA', 'redirect_uri': 'http://localhost:8085/', 'code_verifier': 'trqqqwclRXbYvBGk-dA17x1lBdMGbrkhz~Xo9XRBS8_EDNXTNXZwI.UmvG-KG.YroQCRMohMLO9m1yDWhKg.IufE7jneNH_ZeeIdSkjNiDfOkbmBBpLBLm-cx9kKB~tj'}
2023-04-07 12:02:55,408 DEBUG    requests_oauthlib.oauth2_session Passing through key word arguments {'json': None, 'timeout': None, 'auth': None, 'verify': None, 'proxies': None}.
2023-04-07 12:02:55,426 DEBUG    urllib3.connectionpool Starting new HTTPS connection (1): oauth2.googleapis.com:443
2023-04-07 12:02:55,544 DEBUG    urllib3.connectionpool https://oauth2.googleapis.com:443 "POST /token HTTP/1.1" 200 None
2023-04-07 12:02:55,546 DEBUG    requests_oauthlib.oauth2_session Prepared fetch token request body grant_type=authorization_code&client_id=32555940559.apps.googleusercontent.com&client_secret=ZmssLNjJy2998hD4CTg2ejr2&code=4%2F0AVHEtk4zmlR_PKarXwhn0RdETmS8K-jnhTDM_ikIRmW3qfr4FjSZcabyK4h9DPQk-PVSfA&redirect_uri=http%3A%2F%2Flocalhost%3A8085%2F&code_verifier=trqqqwclRXbYvBGk-dA17x1lBdMGbrkhz~Xo9XRBS8_EDNXTNXZwI.UmvG-KG.YroQCRMohMLO9m1yDWhKg.IufE7jneNH_ZeeIdSkjNiDfOkbmBBpLBLm-cx9kKB~tj
2023-04-07 12:02:55,546 DEBUG    requests_oauthlib.oauth2_session Request to fetch token completed with status 200.
2023-04-07 12:02:55,546 DEBUG    requests_oauthlib.oauth2_session Request headers were {'user-agent': b'google-cloud-sdk gcloud/423.0.0 command/gcloud.auth.login invocation-id/01cbe00af2a8487c830dd71c1a0009cf environment/None environment-version/None interactive/True from-script/False python/3.11.2 term/xterm-256color (Macintosh; Intel Mac OS X 22.4.0)', 'Accept-Encoding': 'gzip, deflate', 'Accept': b'application/json', 'Connection': 'keep-alive', 'Content-Type': b'application/x-www-form-urlencoded;charset=UTF-8', 'Content-Length': '387'}
2023-04-07 12:02:55,546 DEBUG    requests_oauthlib.oauth2_session Request body was grant_type=authorization_code&client_id=32555940559.apps.googleusercontent.com&client_secret=ZmssLNjJy2998hD4CTg2ejr2&code=4%2F0AVHEtk4zmlR_PKarXwhn0RdETmS8K-jnhTDM_ikIRmW3qfr4FjSZcabyK4h9DPQk-PVSfA&redirect_uri=http%3A%2F%2Flocalhost%3A8085%2F&code_verifier=trqqqwclRXbYvBGk-dA17x1lBdMGbrkhz~Xo9XRBS8_EDNXTNXZwI.UmvG-KG.YroQCRMohMLO9m1yDWhKg.IufE7jneNH_ZeeIdSkjNiDfOkbmBBpLBLm-cx9kKB~tj
2023-04-07 12:02:55,546 DEBUG    requests_oauthlib.oauth2_session Response headers were {'Expires': 'Mon, 01 Jan 1990 00:00:00 GMT', 'Cache-Control': 'no-cache, no-store, max-age=0, must-revalidate', 'Pragma': 'no-cache', 'Date': 'Fri, 07 Apr 2023 04:02:55 GMT', 'Content-Type': 'application/json; charset=utf-8', 'Vary': 'Origin, X-Origin, Referer', 'Content-Encoding': 'gzip', 'Server': 'scaffolding on HTTPServer2', 'X-XSS-Protection': '0', 'X-Frame-Options': 'SAMEORIGIN', 'X-Content-Type-Options': 'nosniff', 'Alt-Svc': 'h3=":443"; ma=2592000,h3-29=":443"; ma=2592000', 'Transfer-Encoding': 'chunked'} and content {
  "access_token": "ya29.a0Ael9sCNCTwPENoIBvNKZ3YOQIkqYY_DTfpxMwhK5rej2NCJ_L34fRqZzSft83_mzxjRirUWw8VPctpLMWnpUK_z8rr3e4T4XE50KKCmk26Jh3CQv3aGi8NOwsGKpSNoeMj0kFcuT9kOkJxN1tNc-sN5e5qS2ym7yMMk-aCgYKAQ4SARMSFQF4udJhOsE55Ry2slxAv0jfezhhsA0171",
  "expires_in": 3599,
  "refresh_token": "1//0gAQ5PYw7ShcpCgYIARAAGBASNwF-L9IrInVrsWaWcicb65kKrcu3iL124t10KKW6OR6z23mmw6HSd4pq4Bs_DgQ7Fy7HYPBdJrA",
  "scope": "https://www.googleapis.com/auth/userinfo.email https://www.googleapis.com/auth/cloud-platform https://www.googleapis.com/auth/appengine.admin openid https://www.googleapis.com/auth/compute https://www.googleapis.com/auth/accounts.reauth https://www.googleapis.com/auth/sqlservice.login",
  "token_type": "Bearer",
  "id_token": "eyJhbGciOiJSUzI1NiIsImtpZCI6ImFjZGEzNjBmYjM2Y2QxNWZmODNhZjgzZTE3M2Y0N2ZmYzM2ZDExMWMiLCJ0eXAiOiJKV1QifQ.eyJpc3MiOiJodHRwczovL2FjY291bnRzLmdvb2dsZS5jb20iLCJhenAiOiIzMjU1NTk0MDU1OS5hcHBzLmdvb2dsZXVzZXJjb250ZW50LmNvbSIsImF1ZCI6IjMyNTU1OTQwNTU5LmFwcHMuZ29vZ2xldXNlcmNvbnRlbnQuY29tIiwic3ViIjoiMTE1ODYwNjg1NjUwMzkyMzQ2Mzk4IiwiZW1haWwiOiJxdWFuaWFuaXRpc0BnbWFpbC5jb20iLCJlbWFpbF92ZXJpZmllZCI6dHJ1ZSwiYXRfaGFzaCI6ImhxWkhOR3VOX0o0QjRndXRDUkR5SWciLCJpYXQiOjE2ODA4NDAxNzUsImV4cCI6MTY4MDg0Mzc3NX0.EKTU4LCsgIvnjZ900avwg3oyvuzANk5GzCyOOzgxicggOL8yc2ctM5IE2lnsdbOce4VX0akLGtHuEDriVOtKcQqRXcU2cjZHrpP0VHgKr-pjY5Oa5Ye7HJ6BfY9FL9ngihY6jH6hLyZV3aKvGmdtt8aDvF99OZfXbNcVZtui7J_m7Bot8g9569-vNPjVEEoPwoKmcd225kSJfROs_CoIhR5PQsG1NXQWN2xXGnMHMoodBgoRif2tg99kI4WGWBMKiGwcOz2c5_RyvBGM4Rsu_gR4ZJQuGCbYrXTyRnxBpnjhZhZExKiHs8ICOZ8MGNCL6cDTm9qAgDW6y39V3Mghdw"
}.
2023-04-07 12:02:55,546 DEBUG    requests_oauthlib.oauth2_session Invoking 0 token response hooks.
2023-04-07 12:02:55,546 DEBUG    requests_oauthlib.oauth2_session Obtained token {'access_token': 'ya29.a0Ael9sCNCTwPENoIBvNKZ3YOQIkqYY_DTfpxMwhK5rej2NCJ_L34fRqZzSft83_mzxjRirUWw8VPctpLMWnpUK_z8rr3e4T4XE50KKCmk26Jh3CQv3aGi8NOwsGKpSNoeMj0kFcuT9kOkJxN1tNc-sN5e5qS2ym7yMMk-aCgYKAQ4SARMSFQF4udJhOsE55Ry2slxAv0jfezhhsA0171', 'expires_in': 3599, 'refresh_token': '1//0gAQ5PYw7ShcpCgYIARAAGBASNwF-L9IrInVrsWaWcicb65kKrcu3iL124t10KKW6OR6z23mmw6HSd4pq4Bs_DgQ7Fy7HYPBdJrA', 'scope': ['https://www.googleapis.com/auth/userinfo.email', 'https://www.googleapis.com/auth/cloud-platform', 'https://www.googleapis.com/auth/appengine.admin', 'openid', 'https://www.googleapis.com/auth/compute', 'https://www.googleapis.com/auth/accounts.reauth', 'https://www.googleapis.com/auth/sqlservice.login'], 'token_type': 'Bearer', 'id_token': 'eyJhbGciOiJSUzI1NiIsImtpZCI6ImFjZGEzNjBmYjM2Y2QxNWZmODNhZjgzZTE3M2Y0N2ZmYzM2ZDExMWMiLCJ0eXAiOiJKV1QifQ.eyJpc3MiOiJodHRwczovL2FjY291bnRzLmdvb2dsZS5jb20iLCJhenAiOiIzMjU1NTk0MDU1OS5hcHBzLmdvb2dsZXVzZXJjb250ZW50LmNvbSIsImF1ZCI6IjMyNTU1OTQwNTU5LmFwcHMuZ29vZ2xldXNlcmNvbnRlbnQuY29tIiwic3ViIjoiMTE1ODYwNjg1NjUwMzkyMzQ2Mzk4IiwiZW1haWwiOiJxdWFuaWFuaXRpc0BnbWFpbC5jb20iLCJlbWFpbF92ZXJpZmllZCI6dHJ1ZSwiYXRfaGFzaCI6ImhxWkhOR3VOX0o0QjRndXRDUkR5SWciLCJpYXQiOjE2ODA4NDAxNzUsImV4cCI6MTY4MDg0Mzc3NX0.EKTU4LCsgIvnjZ900avwg3oyvuzANk5GzCyOOzgxicggOL8yc2ctM5IE2lnsdbOce4VX0akLGtHuEDriVOtKcQqRXcU2cjZHrpP0VHgKr-pjY5Oa5Ye7HJ6BfY9FL9ngihY6jH6hLyZV3aKvGmdtt8aDvF99OZfXbNcVZtui7J_m7Bot8g9569-vNPjVEEoPwoKmcd225kSJfROs_CoIhR5PQsG1NXQWN2xXGnMHMoodBgoRif2tg99kI4WGWBMKiGwcOz2c5_RyvBGM4Rsu_gR4ZJQuGCbYrXTyRnxBpnjhZhZExKiHs8ICOZ8MGNCL6cDTm9qAgDW6y39V3Mghdw', 'expires_at': 1680843774.5467598}.
2023-04-07 12:02:55,562 INFO     ___FILE_ONLY___ 
You are now logged in as [quanianitis@gmail.com].
Your current project is [blackpink-sandbox].  You can change this setting by running:
  $ gcloud config set project PROJECT_ID

2023-04-07 12:02:55,562 DEBUG    root            Chosen display Format:none
2023-04-07 12:02:55,562 INFO     root            Display format: "none"
