0 verbose cli /usr/local/bin/node /usr/local/bin/npm
1 info using npm@9.5.1
2 info using node@v19.8.1
3 timing npm:load:whichnode Completed in 0ms
4 timing config:load:defaults Completed in 1ms
5 timing config:load:file:/usr/local/lib/node_modules/npm/npmrc Completed in 1ms
6 timing config:load:builtin Completed in 2ms
7 timing config:load:cli Completed in 2ms
8 timing config:load:env Completed in 0ms
9 timing config:load:project Completed in 2ms
10 timing config:load:file:/Users/quanianitis/.npmrc Completed in 0ms
11 timing config:load:user Completed in 0ms
12 timing config:load:file:/usr/local/etc/npmrc Completed in 0ms
13 timing config:load:global Completed in 0ms
14 timing config:load:setEnvs Completed in 0ms
15 timing config:load Completed in 8ms
16 timing npm:load:configload Completed in 8ms
17 timing npm:load:mkdirpcache Completed in 0ms
18 timing npm:load:mkdirplogs Completed in 0ms
19 verbose title npm install npm@latest
20 verbose argv "install" "--global" "npm@latest"
21 timing npm:load:setTitle Completed in 8ms
22 timing config:load:flatten Completed in 1ms
23 timing npm:load:display Completed in 1ms
24 verbose logfile logs-max:10 dir:/Users/quanianitis/.npm/_logs/2023-03-20T10_10_19_074Z-
25 verbose logfile /Users/quanianitis/.npm/_logs/2023-03-20T10_10_19_074Z-debug-0.log
26 timing npm:load:logFile Completed in 3ms
27 timing npm:load:timers Completed in 0ms
28 timing npm:load:configScope Completed in 0ms
29 timing npm:load Completed in 21ms
30 timing config:load:flatten Completed in 0ms
31 silly logfile done cleaning log files
32 http fetch GET 200 https://registry.npmjs.org/npm 778ms (cache miss)
33 timing arborist:ctor Completed in 1ms
34 timing idealTree:init Completed in 4ms
35 http fetch GET 200 https://registry.npmjs.org/npm 8ms (cache hit)
36 timing idealTree:userRequests Completed in 21ms
37 silly idealTree buildDeps
38 silly fetch manifest npm@9.6.2
39 silly placeDep ROOT npm@9.6.2 OK for:  want: 9.6.2
40 timing idealTree:#root Completed in 5ms
41 timing idealTree:node_modules/npm Completed in 1ms
42 timing idealTree:buildDeps Completed in 6ms
43 timing idealTree:fixDepFlags Completed in 0ms
44 timing idealTree Completed in 31ms
45 timing reify:loadTrees Completed in 118ms
46 timing reify:diffTrees Completed in 3ms
47 silly reify mark retired [
47 silly reify   '/usr/local/lib/node_modules/npm',
47 silly reify   '/usr/local/bin/npm',
47 silly reify   '/usr/local/bin/npx'
47 silly reify ]
48 silly reify moves {
48 silly reify   '/usr/local/lib/node_modules/npm': '/usr/local/lib/node_modules/.npm-i9nnxROI',
48 silly reify   '/usr/local/bin/npm': '/usr/local/bin/.npm-uJtxIR1m',
48 silly reify   '/usr/local/bin/npx': '/usr/local/bin/.npx-xXo12k2C'
48 silly reify }
49 timing reify:rollback:retireShallow Completed in 0ms
50 timing command:install Completed in 931ms
51 verbose stack Error: EACCES: permission denied, rename '/usr/local/lib/node_modules/npm' -> '/usr/local/lib/node_modules/.npm-i9nnxROI'
52 verbose cwd /dev
53 verbose Darwin 22.3.0
54 verbose node v19.8.1
55 verbose npm  v9.5.1
56 error code EACCES
57 error syscall rename
58 error path /usr/local/lib/node_modules/npm
59 error dest /usr/local/lib/node_modules/.npm-i9nnxROI
60 error errno -13
61 error [Error: EACCES: permission denied, rename '/usr/local/lib/node_modules/npm' -> '/usr/local/lib/node_modules/.npm-i9nnxROI'] {
61 error   errno: -13,
61 error   code: 'EACCES',
61 error   syscall: 'rename',
61 error   path: '/usr/local/lib/node_modules/npm',
61 error   dest: '/usr/local/lib/node_modules/.npm-i9nnxROI'
61 error }
62 error
62 error The operation was rejected by your operating system.
62 error It is likely you do not have the permissions to access this file as the current user
62 error
62 error If you believe this might be a permissions issue, please double-check the
62 error permissions of the file and its containing directories, or try running
62 error the command again as root/Administrator.
63 verbose exit -13
64 timing npm Completed in 965ms
65 verbose unfinished npm timer reify 1679307019913
66 verbose unfinished npm timer reify:retireShallow 1679307020034
67 verbose code -13
68 error A complete log of this run can be found in:
68 error     /Users/quanianitis/.npm/_logs/2023-03-20T10_10_19_074Z-debug-0.log
