0 verbose cli /usr/local/bin/node /usr/local/bin/npm
1 info using npm@9.5.1
2 info using node@v19.8.1
3 timing npm:load:whichnode Completed in 0ms
4 timing config:load:defaults Completed in 1ms
5 timing config:load:file:/usr/local/lib/node_modules/npm/npmrc Completed in 1ms
6 timing config:load:builtin Completed in 1ms
7 timing config:load:cli Completed in 2ms
8 timing config:load:env Completed in 0ms
9 timing config:load:project Completed in 2ms
10 timing config:load:file:/Users/quanianitis/.npmrc Completed in 0ms
11 timing config:load:user Completed in 1ms
12 timing config:load:file:/usr/local/etc/npmrc Completed in 0ms
13 timing config:load:global Completed in 0ms
14 timing config:load:setEnvs Completed in 0ms
15 timing config:load Completed in 7ms
16 timing npm:load:configload Completed in 7ms
17 timing npm:load:mkdirpcache Completed in 0ms
18 timing npm:load:mkdirplogs Completed in 1ms
19 verbose title npm install npm@latest
20 verbose argv "install" "--global" "npm@latest"
21 timing npm:load:setTitle Completed in 7ms
22 timing config:load:flatten Completed in 1ms
23 timing npm:load:display Completed in 1ms
24 verbose logfile logs-max:10 dir:/Users/quanianitis/.npm/_logs/2023-03-20T10_10_31_558Z-
25 verbose logfile /Users/quanianitis/.npm/_logs/2023-03-20T10_10_31_558Z-debug-0.log
26 timing npm:load:logFile Completed in 3ms
27 timing npm:load:timers Completed in 0ms
28 timing npm:load:configScope Completed in 1ms
29 timing npm:load Completed in 21ms
30 timing config:load:flatten Completed in 0ms
31 silly logfile done cleaning log files
32 http fetch GET 200 https://registry.npmjs.org/npm 12ms (cache hit)
33 timing arborist:ctor Completed in 0ms
34 timing idealTree:init Completed in 3ms
35 http fetch GET 200 https://registry.npmjs.org/npm 5ms (cache hit)
36 timing idealTree:userRequests Completed in 18ms
37 silly idealTree buildDeps
38 silly fetch manifest npm@9.6.2
39 silly placeDep ROOT npm@9.6.2 OK for:  want: 9.6.2
40 timing idealTree:#root Completed in 5ms
41 timing idealTree:node_modules/npm Completed in 0ms
42 timing idealTree:buildDeps Completed in 6ms
43 timing idealTree:fixDepFlags Completed in 0ms
44 timing idealTree Completed in 27ms
45 timing reify:loadTrees Completed in 112ms
46 timing reify:diffTrees Completed in 2ms
47 silly reify mark retired [
47 silly reify   '/usr/local/lib/node_modules/npm',
47 silly reify   '/usr/local/bin/npm',
47 silly reify   '/usr/local/bin/npx'
47 silly reify ]
48 silly reify moves {
48 silly reify   '/usr/local/lib/node_modules/npm': '/usr/local/lib/node_modules/.npm-i9nnxROI',
48 silly reify   '/usr/local/bin/npm': '/usr/local/bin/.npm-uJtxIR1m',
48 silly reify   '/usr/local/bin/npx': '/usr/local/bin/.npx-xXo12k2C'
48 silly reify }
49 timing reify:retireShallow Completed in 2ms
50 timing reify:createSparse Completed in 0ms
51 silly tarball no local data for npm@https://registry.npmjs.org/npm/-/npm-9.6.2.tgz. Extracting by manifest.
52 http fetch GET 200 https://registry.npmjs.org/npm/-/npm-9.6.2.tgz 1075ms (cache miss)
53 timing reifyNode:node_modules/npm Completed in 1079ms
54 timing arborist:ctor Completed in 0ms
55 timing reify:diffTrees Completed in 3ms
56 timing reify:loadBundles Completed in 1199ms
57 timing reify:unpack Completed in 0ms
58 timing reify:unretire Completed in 1ms
59 timing build:queue Completed in 5ms
60 timing build:link:node_modules/npm/node_modules/@npmcli/arborist Completed in 2ms
61 timing build:link:node_modules/npm/node_modules/node-gyp/node_modules/nopt Completed in 1ms
62 timing build:link:node_modules/npm/node_modules/node-gyp Completed in 2ms
63 timing build:link:node_modules/npm Completed in 2ms
64 timing build:link:node_modules/npm/node_modules/nopt Completed in 2ms
65 timing build:link:node_modules/npm/node_modules/@npmcli/installed-package-contents Completed in 2ms
66 timing build:link:node_modules/npm/node_modules/mkdirp Completed in 2ms
67 timing build:link:node_modules/npm/node_modules/color-support Completed in 2ms
68 timing build:link:node_modules/npm/node_modules/qrcode-terminal Completed in 2ms
69 timing build:link:node_modules/npm/node_modules/semver Completed in 2ms
70 timing build:link:node_modules/npm/node_modules/pacote Completed in 2ms
71 timing build:link:node_modules/npm/node_modules/sigstore Completed in 1ms
72 timing build:link:node_modules/npm/node_modules/cssesc Completed in 3ms
73 timing build:link:node_modules/npm/node_modules/rimraf Completed in 3ms
74 timing build:link:node_modules/npm/node_modules/which Completed in 2ms
75 timing build:link:node_modules/npm/node_modules/node-gyp/node_modules/which Completed in 2ms
76 timing build:link Completed in 3ms
77 timing build:deps Completed in 9ms
78 timing build Completed in 9ms
79 timing reify:build Completed in 9ms
80 timing reify:trash Completed in 102ms
81 timing reify Completed in 1432ms
82 silly CHANGE node_modules/npm
83 silly CHANGE node_modules/npm/node_modules/@npmcli/installed-package-contents
84 silly CHANGE node_modules/npm/node_modules/@npmcli/config
85 silly CHANGE node_modules/npm/node_modules/@npmcli/arborist
86 silly CHANGE node_modules/npm/node_modules/which
87 silly CHANGE node_modules/npm/node_modules/tuf-js
88 silly CHANGE node_modules/npm/node_modules/spdx-correct
89 silly CHANGE node_modules/npm/node_modules/sigstore
90 silly CHANGE node_modules/npm/node_modules/semver
91 silly CHANGE node_modules/npm/node_modules/rimraf
92 silly CHANGE node_modules/npm/node_modules/qrcode-terminal
93 silly CHANGE node_modules/npm/node_modules/pacote
94 silly CHANGE node_modules/npm/node_modules/nopt
95 silly CHANGE node_modules/npm/node_modules/node-gyp
96 silly CHANGE node_modules/npm/node_modules/node-gyp/node_modules/which
97 silly CHANGE node_modules/npm/node_modules/node-gyp/node_modules/readable-stream
98 silly CHANGE node_modules/npm/node_modules/node-gyp/node_modules/nopt
99 silly CHANGE node_modules/npm/node_modules/mkdirp
100 silly CHANGE node_modules/npm/node_modules/minipass
101 silly CHANGE node_modules/npm/node_modules/lru-cache
102 silly CHANGE node_modules/npm/node_modules/libnpmpublish
103 silly CHANGE node_modules/npm/node_modules/libnpmpack
104 silly CHANGE node_modules/npm/node_modules/libnpmfund
105 silly CHANGE node_modules/npm/node_modules/libnpmexec
106 silly CHANGE node_modules/npm/node_modules/libnpmdiff
107 silly CHANGE node_modules/npm/node_modules/depd
108 silly CHANGE node_modules/npm/node_modules/cssesc
109 silly CHANGE node_modules/npm/node_modules/color-support
110 silly CHANGE node_modules/npm/node_modules/agentkeepalive
111 timing command:install Completed in 1468ms
112 verbose exit 0
113 timing npm Completed in 1496ms
114 info ok
