0 verbose cli /usr/local/bin/node /usr/local/bin/npm
1 info using npm@9.6.2
2 info using node@v19.8.1
3 timing npm:load:whichnode Completed in 1ms
4 timing config:load:defaults Completed in 1ms
5 timing config:load:file:/usr/local/lib/node_modules/npm/npmrc Completed in 1ms
6 timing config:load:builtin Completed in 1ms
7 timing config:load:cli Completed in 2ms
8 timing config:load:env Completed in 0ms
9 timing config:load:project Completed in 3ms
10 timing config:load:file:/Users/quanianitis/.npmrc Completed in 0ms
11 timing config:load:user Completed in 0ms
12 timing config:load:file:/usr/local/etc/npmrc Completed in 0ms
13 timing config:load:global Completed in 0ms
14 timing config:load:setEnvs Completed in 1ms
15 timing config:load Completed in 8ms
16 timing npm:load:configload Completed in 8ms
17 timing npm:load:mkdirpcache Completed in 0ms
18 timing npm:load:mkdirplogs Completed in 0ms
19 verbose title npm install dockerfile-language-server-nodejs
20 verbose argv "install" "--global" "dockerfile-language-server-nodejs"
21 timing npm:load:setTitle Completed in 7ms
22 timing config:load:flatten Completed in 2ms
23 timing npm:load:display Completed in 2ms
24 verbose logfile logs-max:10 dir:/Users/quanianitis/.npm/_logs/2023-03-20T10_13_15_053Z-
25 verbose logfile /Users/quanianitis/.npm/_logs/2023-03-20T10_13_15_053Z-debug-0.log
26 timing npm:load:logFile Completed in 3ms
27 timing npm:load:timers Completed in 0ms
28 timing npm:load:configScope Completed in 0ms
29 timing npm:load Completed in 21ms
30 timing config:load:flatten Completed in 0ms
31 timing arborist:ctor Completed in 0ms
32 silly logfile done cleaning log files
33 timing idealTree:init Completed in 4ms
34 timing idealTree:userRequests Completed in 2ms
35 silly idealTree buildDeps
36 silly fetch manifest dockerfile-language-server-nodejs@*
37 http fetch GET 200 https://registry.npmjs.org/dockerfile-language-server-nodejs 599ms (cache miss)
38 silly placeDep ROOT dockerfile-language-server-nodejs@0.9.0 OK for:  want: *
39 silly fetch manifest dockerfile-language-service@0.9.0
40 silly fetch manifest dockerfile-utils@0.10.0
41 silly fetch manifest vscode-languageserver@^8.0.0-next.2
42 http fetch GET 200 https://registry.npmjs.org/vscode-languageserver 8ms (cache hit)
43 http fetch GET 200 https://registry.npmjs.org/dockerfile-language-service 1043ms (cache miss)
44 http fetch GET 200 https://registry.npmjs.org/dockerfile-utils 1046ms (cache miss)
45 timing idealTree:#root Completed in 1656ms
46 silly placeDep node_modules/dockerfile-language-server-nodejs dockerfile-language-service@0.9.0 OK for: dockerfile-language-server-nodejs@0.9.0 want: 0.9.0
47 silly placeDep node_modules/dockerfile-language-server-nodejs dockerfile-utils@0.10.0 OK for: dockerfile-language-server-nodejs@0.9.0 want: 0.10.0
48 silly placeDep node_modules/dockerfile-language-server-nodejs vscode-languageserver@8.1.0 OK for: dockerfile-language-server-nodejs@0.9.0 want: ^8.0.0-next.2
49 silly fetch manifest dockerfile-ast@0.4.2
50 silly fetch manifest vscode-languageserver-types@3.17.0-next.3
51 silly fetch manifest vscode-languageserver-textdocument@^1.0.1
52 silly fetch manifest vscode-languageserver-types@^3.17.0-next.3
53 silly fetch manifest vscode-languageserver-protocol@3.17.3
54 http fetch GET 200 https://registry.npmjs.org/vscode-languageserver-types 11ms (cache hit)
55 http fetch GET 200 https://registry.npmjs.org/vscode-languageserver-textdocument 12ms (cache hit)
56 http fetch GET 200 https://registry.npmjs.org/vscode-languageserver-protocol 11ms (cache hit)
57 http fetch GET 200 https://registry.npmjs.org/vscode-languageserver-types 12ms (cache hit)
58 http fetch GET 200 https://registry.npmjs.org/dockerfile-ast 931ms (cache miss)
59 timing idealTree:node_modules/dockerfile-language-server-nodejs Completed in 942ms
60 silly placeDep node_modules/dockerfile-language-server-nodejs dockerfile-ast@0.4.2 OK for: dockerfile-language-service@0.9.0 want: 0.4.2
61 silly placeDep node_modules/dockerfile-language-server-nodejs vscode-languageserver-types@3.17.0-next.3 OK for: dockerfile-language-service@0.9.0 want: 3.17.0-next.3
62 timing idealTree:node_modules/dockerfile-language-server-nodejs/node_modules/dockerfile-language-service Completed in 10ms
63 silly placeDep node_modules/dockerfile-language-server-nodejs vscode-languageserver-textdocument@1.0.8 OK for: dockerfile-ast@0.4.2 want: ^1.0.1
64 timing idealTree:node_modules/dockerfile-language-server-nodejs/node_modules/dockerfile-ast Completed in 2ms
65 timing idealTree:node_modules/dockerfile-language-server-nodejs/node_modules/dockerfile-utils Completed in 0ms
66 silly placeDep node_modules/dockerfile-language-server-nodejs vscode-languageserver-protocol@3.17.3 OK for: vscode-languageserver@8.1.0 want: 3.17.3
67 silly fetch manifest vscode-jsonrpc@8.1.0
68 silly fetch manifest vscode-languageserver-types@3.17.3
69 http fetch GET 200 https://registry.npmjs.org/vscode-jsonrpc 4ms (cache hit)
70 timing idealTree:node_modules/dockerfile-language-server-nodejs/node_modules/vscode-languageserver Completed in 8ms
71 silly placeDep node_modules/dockerfile-language-server-nodejs vscode-jsonrpc@8.1.0 OK for: vscode-languageserver-protocol@3.17.3 want: 8.1.0
72 silly placeDep node_modules/dockerfile-language-server-nodejs/node_modules/vscode-languageserver-protocol vscode-languageserver-types@3.17.3 OK for: vscode-languageserver-protocol@3.17.3 want: 3.17.3
73 timing idealTree:node_modules/dockerfile-language-server-nodejs/node_modules/vscode-languageserver-protocol Completed in 4ms
74 timing idealTree:node_modules/dockerfile-language-server-nodejs/node_modules/vscode-jsonrpc Completed in 0ms
75 timing idealTree:node_modules/dockerfile-language-server-nodejs/node_modules/vscode-languageserver-textdocument Completed in 0ms
76 timing idealTree:node_modules/dockerfile-language-server-nodejs/node_modules/vscode-languageserver-types Completed in 0ms
77 timing idealTree:node_modules/dockerfile-language-server-nodejs/node_modules/vscode-languageserver-protocol/node_modules/vscode-languageserver-types Completed in 1ms
78 timing idealTree:buildDeps Completed in 2625ms
79 timing idealTree:fixDepFlags Completed in 1ms
80 timing idealTree Completed in 2633ms
81 timing reify:loadTrees Completed in 2635ms
82 timing reify:diffTrees Completed in 2ms
83 silly reify moves {}
84 timing reify:retireShallow Completed in 1ms
85 timing reify:createSparse Completed in 1ms
86 timing reify:loadBundles Completed in 0ms
87 silly tarball no local data for vscode-languageserver-protocol@https://registry.npmjs.org/vscode-languageserver-protocol/-/vscode-languageserver-protocol-3.17.3.tgz. Extracting by manifest.
88 silly tarball no local data for vscode-jsonrpc@https://registry.npmjs.org/vscode-jsonrpc/-/vscode-jsonrpc-8.1.0.tgz. Extracting by manifest.
89 silly tarball no local data for dockerfile-language-server-nodejs@https://registry.npmjs.org/dockerfile-language-server-nodejs/-/dockerfile-language-server-nodejs-0.9.0.tgz. Extracting by manifest.
90 silly tarball no local data for vscode-languageserver-types@https://registry.npmjs.org/vscode-languageserver-types/-/vscode-languageserver-types-3.17.0-next.3.tgz. Extracting by manifest.
91 silly tarball no local data for vscode-languageserver-types@https://registry.npmjs.org/vscode-languageserver-types/-/vscode-languageserver-types-3.17.3.tgz. Extracting by manifest.
92 silly tarball no local data for dockerfile-ast@https://registry.npmjs.org/dockerfile-ast/-/dockerfile-ast-0.4.2.tgz. Extracting by manifest.
93 silly tarball no local data for vscode-languageserver@https://registry.npmjs.org/vscode-languageserver/-/vscode-languageserver-8.1.0.tgz. Extracting by manifest.
94 silly tarball no local data for dockerfile-language-service@https://registry.npmjs.org/dockerfile-language-service/-/dockerfile-language-service-0.9.0.tgz. Extracting by manifest.
95 silly tarball no local data for dockerfile-utils@https://registry.npmjs.org/dockerfile-utils/-/dockerfile-utils-0.10.0.tgz. Extracting by manifest.
96 timing reifyNode:node_modules/dockerfile-language-server-nodejs/node_modules/vscode-languageserver-textdocument Completed in 26ms
97 http fetch GET 200 https://registry.npmjs.org/vscode-jsonrpc/-/vscode-jsonrpc-8.1.0.tgz 60ms (cache miss)
98 timing reifyNode:node_modules/dockerfile-language-server-nodejs/node_modules/vscode-jsonrpc Completed in 68ms
99 http fetch GET 200 https://registry.npmjs.org/vscode-languageserver-protocol/-/vscode-languageserver-protocol-3.17.3.tgz 64ms (cache miss)
100 timing reifyNode:node_modules/dockerfile-language-server-nodejs/node_modules/vscode-languageserver-protocol Completed in 71ms
101 http fetch GET 200 https://registry.npmjs.org/vscode-languageserver/-/vscode-languageserver-8.1.0.tgz 90ms (cache miss)
102 timing reifyNode:node_modules/dockerfile-language-server-nodejs/node_modules/vscode-languageserver Completed in 99ms
103 http fetch GET 200 https://registry.npmjs.org/dockerfile-ast/-/dockerfile-ast-0.4.2.tgz 94ms (cache miss)
104 timing reifyNode:node_modules/dockerfile-language-server-nodejs/node_modules/dockerfile-ast Completed in 102ms
105 http fetch GET 200 https://registry.npmjs.org/vscode-languageserver-types/-/vscode-languageserver-types-3.17.3.tgz 370ms (cache miss)
106 timing reifyNode:node_modules/dockerfile-language-server-nodejs/node_modules/vscode-languageserver-protocol/node_modules/vscode-languageserver-types Completed in 379ms
107 http fetch GET 200 https://registry.npmjs.org/dockerfile-language-service/-/dockerfile-language-service-0.9.0.tgz 405ms (cache miss)
108 timing reifyNode:node_modules/dockerfile-language-server-nodejs/node_modules/dockerfile-language-service Completed in 414ms
109 http fetch GET 200 https://registry.npmjs.org/dockerfile-utils/-/dockerfile-utils-0.10.0.tgz 411ms (cache miss)
110 timing reifyNode:node_modules/dockerfile-language-server-nodejs/node_modules/dockerfile-utils Completed in 421ms
111 http fetch GET 200 https://registry.npmjs.org/vscode-languageserver-types/-/vscode-languageserver-types-3.17.0-next.3.tgz 1109ms (cache miss)
112 timing reifyNode:node_modules/dockerfile-language-server-nodejs/node_modules/vscode-languageserver-types Completed in 1116ms
113 http fetch GET 200 https://registry.npmjs.org/dockerfile-language-server-nodejs/-/dockerfile-language-server-nodejs-0.9.0.tgz 1429ms (cache miss)
114 timing reifyNode:node_modules/dockerfile-language-server-nodejs Completed in 1437ms
115 timing reify:unpack Completed in 1438ms
116 timing reify:unretire Completed in 0ms
117 timing build:queue Completed in 3ms
118 timing build:link:node_modules/dockerfile-language-server-nodejs Completed in 2ms
119 timing build:link:node_modules/dockerfile-language-server-nodejs/node_modules/vscode-languageserver Completed in 1ms
120 timing build:link:node_modules/dockerfile-language-server-nodejs/node_modules/dockerfile-utils Completed in 2ms
121 timing build:link Completed in 2ms
122 timing build:deps Completed in 5ms
123 timing build Completed in 6ms
124 timing reify:build Completed in 7ms
125 timing reify:trash Completed in 0ms
126 timing reify Completed in 4087ms
127 silly ADD node_modules/dockerfile-language-server-nodejs
128 silly ADD node_modules/dockerfile-language-server-nodejs/node_modules/vscode-jsonrpc
129 silly ADD node_modules/dockerfile-language-server-nodejs/node_modules/vscode-languageserver-protocol
130 silly ADD node_modules/dockerfile-language-server-nodejs/node_modules/vscode-languageserver-protocol/node_modules/vscode-languageserver-types
131 silly ADD node_modules/dockerfile-language-server-nodejs/node_modules/vscode-languageserver-textdocument
132 silly ADD node_modules/dockerfile-language-server-nodejs/node_modules/vscode-languageserver-types
133 silly ADD node_modules/dockerfile-language-server-nodejs/node_modules/dockerfile-ast
134 silly ADD node_modules/dockerfile-language-server-nodejs/node_modules/vscode-languageserver
135 silly ADD node_modules/dockerfile-language-server-nodejs/node_modules/dockerfile-utils
136 silly ADD node_modules/dockerfile-language-server-nodejs/node_modules/dockerfile-language-service
137 timing command:install Completed in 4091ms
138 verbose exit 0
139 timing npm Completed in 4119ms
140 info ok
