0 verbose cli /usr/local/bin/node /usr/local/bin/npm
1 info using npm@9.6.2
2 info using node@v19.8.1
3 timing npm:load:whichnode Completed in 1ms
4 timing config:load:defaults Completed in 1ms
5 timing config:load:file:/usr/local/lib/node_modules/npm/npmrc Completed in 1ms
6 timing config:load:builtin Completed in 1ms
7 timing config:load:cli Completed in 2ms
8 timing config:load:env Completed in 0ms
9 timing config:load:project Completed in 2ms
10 timing config:load:file:/Users/quanianitis/.npmrc Completed in 0ms
11 timing config:load:user Completed in 0ms
12 timing config:load:file:/usr/local/etc/npmrc Completed in 0ms
13 timing config:load:global Completed in 0ms
14 timing config:load:setEnvs Completed in 0ms
15 timing config:load Completed in 7ms
16 timing npm:load:configload Completed in 7ms
17 timing npm:load:mkdirpcache Completed in 0ms
18 timing npm:load:mkdirplogs Completed in 1ms
19 verbose title npm install vscode-json-languageservice
20 verbose argv "install" "--save" "vscode-json-languageservice"
21 timing npm:load:setTitle Completed in 7ms
22 timing config:load:flatten Completed in 1ms
23 timing npm:load:display Completed in 1ms
24 verbose logfile logs-max:10 dir:/Users/quanianitis/.npm/_logs/2023-03-20T10_29_35_358Z-
25 verbose logfile /Users/quanianitis/.npm/_logs/2023-03-20T10_29_35_358Z-debug-0.log
26 timing npm:load:logFile Completed in 3ms
27 timing npm:load:timers Completed in 0ms
28 timing npm:load:configScope Completed in 0ms
29 timing npm:load Completed in 20ms
30 timing arborist:ctor Completed in 0ms
31 silly logfile done cleaning log files
32 timing idealTree:init Completed in 12ms
33 timing idealTree:userRequests Completed in 1ms
34 silly idealTree buildDeps
35 silly fetch manifest vscode-json-languageservice@*
36 timing arborist:ctor Completed in 0ms
37 http fetch GET 200 https://registry.npmjs.org/vscode-json-languageservice 184ms (cache miss)
38 silly placeDep ROOT vscode-json-languageservice@5.3.2 OK for:  want: *
39 silly fetch manifest jsonc-parser@^3.2.0
40 http fetch GET 200 https://registry.npmjs.org/jsonc-parser 36ms (cache miss)
41 timing idealTree:#root Completed in 226ms
42 silly placeDep ROOT jsonc-parser@3.2.0 OK for: vscode-json-languageservice@5.3.2 want: ^3.2.0
43 timing idealTree:node_modules/vscode-json-languageservice Completed in 2ms
44 timing idealTree:node_modules/jsonc-parser Completed in 0ms
45 timing idealTree:buildDeps Completed in 229ms
46 timing idealTree:fixDepFlags Completed in 0ms
47 timing idealTree Completed in 243ms
48 timing reify:loadTrees Completed in 243ms
49 timing reify:diffTrees Completed in 1ms
50 silly reify moves {}
51 timing reify:retireShallow Completed in 0ms
52 timing reify:createSparse Completed in 1ms
53 timing reify:loadBundles Completed in 0ms
54 silly audit bulk request {
54 silly audit   '@vscode/l10n': [ '0.0.11' ],
54 silly audit   'vscode-html-languageservice': [ '5.0.4' ],
54 silly audit   'vscode-languageserver-textdocument': [ '1.0.8' ],
54 silly audit   'vscode-languageserver-types': [ '3.17.3' ],
54 silly audit   'vscode-uri': [ '3.0.7' ],
54 silly audit   'vscode-json-languageservice': [ '5.3.2' ],
54 silly audit   'jsonc-parser': [ '3.2.0' ]
54 silly audit }
55 silly tarball no local data for jsonc-parser@https://registry.npmjs.org/jsonc-parser/-/jsonc-parser-3.2.0.tgz. Extracting by manifest.
56 silly tarball no local data for vscode-json-languageservice@https://registry.npmjs.org/vscode-json-languageservice/-/vscode-json-languageservice-5.3.2.tgz. Extracting by manifest.
57 http fetch GET 200 https://registry.npmjs.org/jsonc-parser/-/jsonc-parser-3.2.0.tgz 78ms (cache miss)
58 timing reifyNode:node_modules/jsonc-parser Completed in 82ms
59 http fetch GET 200 https://registry.npmjs.org/vscode-json-languageservice/-/vscode-json-languageservice-5.3.2.tgz 88ms (cache miss)
60 timing reifyNode:node_modules/vscode-json-languageservice Completed in 93ms
61 timing reify:unpack Completed in 93ms
62 timing reify:unretire Completed in 0ms
63 timing build:queue Completed in 0ms
64 timing build:deps Completed in 1ms
65 timing build Completed in 1ms
66 timing reify:build Completed in 1ms
67 timing reify:trash Completed in 0ms
68 timing reify:save Completed in 4ms
69 http fetch POST 200 https://registry.npmjs.org/-/npm/v1/security/advisories/bulk 268ms
70 timing auditReport:getReport Completed in 269ms
71 silly audit report {}
72 timing auditReport:init Completed in 0ms
73 timing reify:audit Completed in 270ms
74 timing reify Completed in 519ms
75 silly ADD node_modules/jsonc-parser
76 silly ADD node_modules/vscode-json-languageservice
77 timing command:install Completed in 523ms
78 verbose exit 0
79 timing npm Completed in 551ms
80 info ok
