0 verbose cli /usr/local/bin/node /usr/local/bin/npm
1 info using npm@9.6.2
2 info using node@v19.8.1
3 timing npm:load:whichnode Completed in 1ms
4 timing config:load:defaults Completed in 1ms
5 timing config:load:file:/usr/local/lib/node_modules/npm/npmrc Completed in 1ms
6 timing config:load:builtin Completed in 1ms
7 timing config:load:cli Completed in 2ms
8 timing config:load:env Completed in 0ms
9 timing config:load:project Completed in 3ms
10 timing config:load:file:/Users/quanianitis/.npmrc Completed in 0ms
11 timing config:load:user Completed in 0ms
12 timing config:load:file:/usr/local/etc/npmrc Completed in 0ms
13 timing config:load:global Completed in 0ms
14 timing config:load:setEnvs Completed in 1ms
15 timing config:load Completed in 8ms
16 timing npm:load:configload Completed in 8ms
17 timing npm:load:mkdirpcache Completed in 0ms
18 timing npm:load:mkdirplogs Completed in 0ms
19 verbose title npm install vscode-html-languageservice
20 verbose argv "install" "--save" "vscode-html-languageservice"
21 timing npm:load:setTitle Completed in 7ms
22 timing config:load:flatten Completed in 2ms
23 timing npm:load:display Completed in 2ms
24 verbose logfile logs-max:10 dir:/Users/quanianitis/.npm/_logs/2023-03-20T10_29_02_978Z-
25 verbose logfile /Users/quanianitis/.npm/_logs/2023-03-20T10_29_02_978Z-debug-0.log
26 timing npm:load:logFile Completed in 3ms
27 timing npm:load:timers Completed in 0ms
28 timing npm:load:configScope Completed in 0ms
29 timing npm:load Completed in 21ms
30 timing config:load:flatten Completed in 0ms
31 timing arborist:ctor Completed in 1ms
32 silly logfile done cleaning log files
33 timing arborist:ctor Completed in 0ms
34 timing idealTree:init Completed in 6ms
35 timing idealTree:userRequests Completed in 2ms
36 silly idealTree buildDeps
37 silly fetch manifest vscode-html-languageservice@*
38 http fetch GET 200 https://registry.npmjs.org/vscode-html-languageservice 1845ms (cache miss)
39 silly placeDep ROOT vscode-html-languageservice@5.0.4 OK for:  want: *
40 silly fetch manifest @vscode/l10n@^0.0.11
41 silly fetch manifest vscode-languageserver-textdocument@^1.0.8
42 silly fetch manifest vscode-languageserver-types@^3.17.2
43 silly fetch manifest vscode-uri@^3.0.7
44 http fetch GET 200 https://registry.npmjs.org/vscode-languageserver-textdocument 75ms (cache revalidated)
45 http fetch GET 200 https://registry.npmjs.org/vscode-languageserver-types 76ms (cache revalidated)
46 http fetch GET 200 https://registry.npmjs.org/vscode-uri 506ms (cache miss)
47 http fetch GET 200 https://registry.npmjs.org/@vscode%2fl10n 2074ms (cache miss)
48 timing idealTree:#root Completed in 3935ms
49 silly placeDep ROOT @vscode/l10n@0.0.11 OK for: vscode-html-languageservice@5.0.4 want: ^0.0.11
50 silly placeDep ROOT vscode-languageserver-textdocument@1.0.8 OK for: vscode-html-languageservice@5.0.4 want: ^1.0.8
51 silly placeDep ROOT vscode-languageserver-types@3.17.3 OK for: vscode-html-languageservice@5.0.4 want: ^3.17.2
52 silly placeDep ROOT vscode-uri@3.0.7 OK for: vscode-html-languageservice@5.0.4 want: ^3.0.7
53 timing idealTree:node_modules/vscode-html-languageservice Completed in 9ms
54 timing idealTree:node_modules/@vscode/l10n Completed in 0ms
55 timing idealTree:node_modules/vscode-languageserver-textdocument Completed in 0ms
56 timing idealTree:node_modules/vscode-languageserver-types Completed in 0ms
57 timing idealTree:node_modules/vscode-uri Completed in 0ms
58 timing idealTree:buildDeps Completed in 3944ms
59 timing idealTree:fixDepFlags Completed in 0ms
60 timing idealTree Completed in 3957ms
61 timing reify:loadTrees Completed in 3957ms
62 timing reify:diffTrees Completed in 1ms
63 silly reify moves {}
64 timing reify:retireShallow Completed in 1ms
65 timing reify:createSparse Completed in 1ms
66 timing reify:loadBundles Completed in 0ms
67 silly tarball no local data for vscode-uri@https://registry.npmjs.org/vscode-uri/-/vscode-uri-3.0.7.tgz. Extracting by manifest.
68 silly tarball no local data for @vscode/l10n@https://registry.npmjs.org/@vscode/l10n/-/l10n-0.0.11.tgz. Extracting by manifest.
69 silly tarball no local data for vscode-html-languageservice@https://registry.npmjs.org/vscode-html-languageservice/-/vscode-html-languageservice-5.0.4.tgz. Extracting by manifest.
70 timing reifyNode:node_modules/vscode-languageserver-textdocument Completed in 21ms
71 timing reifyNode:node_modules/vscode-languageserver-types Completed in 22ms
72 http fetch GET 200 https://registry.npmjs.org/vscode-uri/-/vscode-uri-3.0.7.tgz 44ms (cache miss)
73 timing reifyNode:node_modules/vscode-uri Completed in 49ms
74 http fetch GET 200 https://registry.npmjs.org/vscode-html-languageservice/-/vscode-html-languageservice-5.0.4.tgz 530ms (cache miss)
75 timing reifyNode:node_modules/vscode-html-languageservice Completed in 538ms
76 http fetch GET 200 https://registry.npmjs.org/@vscode/l10n/-/l10n-0.0.11.tgz 1357ms (cache miss)
77 timing reifyNode:node_modules/@vscode/l10n Completed in 1363ms
78 timing reify:unpack Completed in 1363ms
79 timing reify:unretire Completed in 0ms
80 timing build:queue Completed in 0ms
81 timing build:deps Completed in 0ms
82 timing build Completed in 1ms
83 timing reify:build Completed in 1ms
84 timing reify:trash Completed in 0ms
85 timing reify:save Completed in 5ms
86 timing reify Completed in 5334ms
87 silly ADD node_modules/vscode-uri
88 silly ADD node_modules/vscode-languageserver-types
89 silly ADD node_modules/vscode-languageserver-textdocument
90 silly ADD node_modules/@vscode/l10n
91 silly ADD node_modules/vscode-html-languageservice
92 timing command:install Completed in 5338ms
93 verbose exit 0
94 timing npm Completed in 5366ms
95 info ok
